<?xml version="1.0" encoding="UTF-8"?>
<testng-results ignored="0" total="2" passed="2" failed="0" skipped="0">
  <reporter-output>
  </reporter-output>
  <suite started-at="2024-12-09T09:58:35 CET" name="User" finished-at="2024-12-09T09:58:53 CET" duration-ms="18204">
    <groups>
    </groups>
    <test started-at="2024-12-09T09:58:35 CET" name="User" finished-at="2024-12-09T09:58:53 CET" duration-ms="18204">
      <class name="com.demoqa.tests.SearchBookTests">
        <test-method is-config="true" signature="init(java.lang.reflect.Method)[pri:0, instance:com.demoqa.tests.SearchBookTests@2fd1433e]" started-at="2024-12-09T09:58:47 CET" name="init" finished-at="2024-12-09T09:58:51 CET" duration-ms="4243" status="PASS">
          <params>
            <param index="0">
              <value>
                <![CDATA[public void com.demoqa.tests.SearchBookTests.searchBookPositiveTest()]]>
              </value>
            </param>
          </params>
          <reporter-output>
          </reporter-output>
        </test-method> <!-- init -->
        <test-method is-config="true" signature="precondition()[pri:0, instance:com.demoqa.tests.SearchBookTests@2fd1433e]" started-at="2024-12-09T09:58:51 CET" name="precondition" finished-at="2024-12-09T09:58:51 CET" duration-ms="319" status="PASS">
          <reporter-output>
          </reporter-output>
        </test-method> <!-- precondition -->
        <test-method signature="searchBookPositiveTest()[pri:0, instance:com.demoqa.tests.SearchBookTests@2fd1433e]" started-at="2024-12-09T09:58:51 CET" name="searchBookPositiveTest" finished-at="2024-12-09T09:58:52 CET" duration-ms="1273" status="PASS">
          <reporter-output>
          </reporter-output>
        </test-method> <!-- searchBookPositiveTest -->
        <test-method is-config="true" signature="tearDown(org.testng.ITestResult)[pri:0, instance:com.demoqa.tests.SearchBookTests@2fd1433e]" started-at="2024-12-09T09:58:52 CET" name="tearDown" finished-at="2024-12-09T09:58:53 CET" duration-ms="374" status="PASS">
          <params>
            <param index="0">
              <value>
                <![CDATA[[TestResult name=searchBookPositiveTest status=SUCCESS method=SearchBookTests.searchBookPositiveTest()[pri:0, instance:com.demoqa.tests.SearchBookTests@2fd1433e] output={null}]]]>
              </value>
            </param>
          </params>
          <reporter-output>
          </reporter-output>
        </test-method> <!-- tearDown -->
      </class> <!-- com.demoqa.tests.SearchBookTests -->
      <class name="com.demoqa.tests.LoginTests">
        <test-method is-config="true" signature="init(java.lang.reflect.Method)[pri:0, instance:com.demoqa.tests.LoginTests@19d481b]" started-at="2024-12-09T09:58:35 CET" name="init" finished-at="2024-12-09T09:58:43 CET" duration-ms="8365" status="PASS">
          <params>
            <param index="0">
              <value>
                <![CDATA[public void com.demoqa.tests.LoginTests.loginPositiveTest()]]>
              </value>
            </param>
          </params>
          <reporter-output>
          </reporter-output>
        </test-method> <!-- init -->
        <test-method is-config="true" signature="precondition()[pri:0, instance:com.demoqa.tests.LoginTests@19d481b]" started-at="2024-12-09T09:58:43 CET" name="precondition" finished-at="2024-12-09T09:58:44 CET" duration-ms="714" status="PASS">
          <reporter-output>
          </reporter-output>
        </test-method> <!-- precondition -->
        <test-method signature="loginPositiveTest()[pri:0, instance:com.demoqa.tests.LoginTests@19d481b]" started-at="2024-12-09T09:58:44 CET" name="loginPositiveTest" finished-at="2024-12-09T09:58:46 CET" duration-ms="2390" status="PASS">
          <reporter-output>
          </reporter-output>
        </test-method> <!-- loginPositiveTest -->
        <test-method is-config="true" signature="tearDown(org.testng.ITestResult)[pri:0, instance:com.demoqa.tests.LoginTests@19d481b]" started-at="2024-12-09T09:58:46 CET" name="tearDown" finished-at="2024-12-09T09:58:47 CET" duration-ms="460" status="PASS">
          <params>
            <param index="0">
              <value>
                <![CDATA[[TestResult name=loginPositiveTest status=SUCCESS method=LoginTests.loginPositiveTest()[pri:0, instance:com.demoqa.tests.LoginTests@19d481b] output={null}]]]>
              </value>
            </param>
          </params>
          <reporter-output>
          </reporter-output>
        </test-method> <!-- tearDown -->
      </class> <!-- com.demoqa.tests.LoginTests -->
    </test> <!-- User -->
  </suite> <!-- User -->
</testng-results>
